[debug] [2019-09-29T12:21:08.390Z] ----------------------------------------------------------------------
[debug] [2019-09-29T12:21:08.392Z] Command:       C:\Program Files\nodejs\node.exe C:\Users\HP\AppData\Roaming\npm\node_modules\firebase-tools\lib\bin\firebase.js init
[debug] [2019-09-29T12:21:08.392Z] CLI Version:   7.3.0
[debug] [2019-09-29T12:21:08.392Z] Platform:      win32
[debug] [2019-09-29T12:21:08.392Z] Node Version:  v10.14.2
[debug] [2019-09-29T12:21:08.393Z] Time:          Sun Sep 29 2019 17:51:08 GMT+0530 (India Standard Time)
[debug] [2019-09-29T12:21:08.393Z] ----------------------------------------------------------------------
[debug] 
[debug] [2019-09-29T12:21:08.403Z] > command requires scopes: ["email","openid","https://www.googleapis.com/auth/cloudplatformprojects.readonly","https://www.googleapis.com/auth/firebase","https://www.googleapis.com/auth/cloud-platform"]
[debug] [2019-09-29T12:21:08.404Z] > authorizing via signed-in user
[info] 
     ######## #### ########  ######## ########     ###     ######  ########
     ##        ##  ##     ## ##       ##     ##  ##   ##  ##       ##
     ######    ##  ########  ######   ########  #########  ######  ######
     ##        ##  ##    ##  ##       ##     ## ##     ##       ## ##
     ##       #### ##     ## ######## ########  ##     ##  ######  ########

You're about to initialize a Firebase project in this directory:

  D:\admin

Before we get started, keep in mind:

  * You are initializing in an existing Firebase project directory

[info] 
=== Project Setup
[info] 
[info] First, let's associate this project directory with a Firebase project.
[info] You can create multiple project aliases by running firebase use --add, 
[info] but for now we'll just set up a default project.
[info] 
[info] i  .firebaserc already has a default project, using confluence-19-eed95.
[debug] [2019-09-29T12:21:18.246Z] > refreshing access token with scopes: ["email","https://www.googleapis.com/auth/cloud-platform","https://www.googleapis.com/auth/cloudplatformprojects.readonly","https://www.googleapis.com/auth/firebase","openid"]
[debug] [2019-09-29T12:21:18.246Z] >>> HTTP REQUEST POST https://www.googleapis.com/oauth2/v3/token  
 <request body omitted>
[debug] [2019-09-29T12:21:18.549Z] <<< HTTP RESPONSE 200
[debug] [2019-09-29T12:21:18.655Z] >>> HTTP REQUEST GET https://firebase.googleapis.com/v1beta1/projects/confluence-19-eed95  
 
[debug] [2019-09-29T12:21:24.284Z] <<< HTTP RESPONSE 403
[debug] [2019-09-29T12:21:24.284Z] <<< HTTP RESPONSE BODY
[debug] [2019-09-29T12:21:24.285Z] HTTP Error: 403, The caller does not have permission
[debug] [2019-09-29T12:21:24.523Z] FirebaseError: HTTP Error: 403, The caller does not have permission
    at module.exports (C:\Users\HP\AppData\Roaming\npm\node_modules\firebase-tools\lib\responseToError.js:38:12)
    at Request._callback (C:\Users\HP\AppData\Roaming\npm\node_modules\firebase-tools\lib\api.js:39:35)
    at Request.self.callback (C:\Users\HP\AppData\Roaming\npm\node_modules\firebase-tools\node_modules\request\request.js:185:22)
    at Request.emit (events.js:182:13)
    at Request.EventEmitter.emit (domain.js:441:20)
    at Request.<anonymous> (C:\Users\HP\AppData\Roaming\npm\node_modules\firebase-tools\node_modules\request\request.js:1161:10)
    at Request.emit (events.js:182:13)
    at Request.EventEmitter.emit (domain.js:441:20)
    at IncomingMessage.<anonymous> (C:\Users\HP\AppData\Roaming\npm\node_modules\firebase-tools\node_modules\request\request.js:1083:12)
    at Object.onceWrapper (events.js:273:13)
[error] 
[error] Error: Failed to get Firebase project confluence-19-eed95. Please make sure the project exists and your account has permission to access it.
